\BOOKMARK [1][-]{section.1}{\376\377\133\236\232\214\116\373\122\241}{}% 1
\BOOKMARK [2][-]{subsection.1.1}{\376\377\116\373\122\241\116\000}{section.1}% 2
\BOOKMARK [2][-]{subsection.1.2}{\376\377\116\373\122\241\116\214}{section.1}% 3
\BOOKMARK [2][-]{subsection.1.3}{\376\377\116\373\122\241\116\011}{section.1}% 4
\BOOKMARK [1][-]{section.2}{\376\377\133\236\232\214\123\237\164\006}{}% 5
\BOOKMARK [2][-]{subsection.2.1}{\376\377\126\376\120\317\177\051\145\076}{section.2}% 6
\BOOKMARK [2][-]{subsection.2.2}{\376\377\123\314\176\277\137\142\143\322\120\074}{section.2}% 7
\BOOKMARK [2][-]{subsection.2.3}{\376\377\000R\000G\000B\230\234\202\162\172\172\225\364}{section.2}% 8
\BOOKMARK [2][-]{subsection.2.4}{\376\377\000H\000S\000I\230\234\202\162\172\172\225\364}{section.2}% 9
\BOOKMARK [3][-]{subsubsection.2.4.1}{\376\377\000H\000S\000I\172\172\225\364\173\200\116\313}{subsection.2.4}% 10
\BOOKMARK [3][-]{subsubsection.2.4.2}{\376\377\000R\000G\000B\217\154\143\142\116\072\000H\000S\000I}{subsection.2.4}% 11
\BOOKMARK [3][-]{subsubsection.2.4.3}{\376\377\000H\000S\000I\217\154\143\142\116\072\000R\000G\000B}{subsection.2.4}% 12
\BOOKMARK [2][-]{subsection.2.5}{\376\377\000Y\000U\000V\230\234\202\162\172\172\225\364}{section.2}% 13
\BOOKMARK [3][-]{subsubsection.2.5.1}{\376\377\000Y\000U\000V\172\172\225\364\173\200\116\313}{subsection.2.5}% 14
\BOOKMARK [3][-]{subsubsection.2.5.2}{\376\377\000Y\000U\000V\172\172\225\364\116\016\000R\000G\000B\172\172\225\364\166\204\116\222\166\370\217\154\143\142}{subsection.2.5}% 15
\BOOKMARK [3][-]{subsubsection.2.5.3}{\376\377\000Y\000U\000V\221\307\150\067\150\074\137\017}{subsection.2.5}% 16
\BOOKMARK [2][-]{subsection.2.6}{\376\377\134\360\120\074\117\341\126\152\153\324\000P\000S\000N\000R}{section.2}% 17
\BOOKMARK [3][-]{subsubsection.2.6.1}{\376\377\000P\000S\000N\000R\213\241\173\227}{subsection.2.6}% 18
\BOOKMARK [3][-]{subsubsection.2.6.2}{\376\377\000P\000S\000N\000R\162\171\160\271}{subsection.2.6}% 19
\BOOKMARK [2][-]{subsection.2.7}{\376\377\176\323\147\204\166\370\117\074\140\047\000S\000S\000I\000M}{section.2}% 20
\BOOKMARK [3][-]{subsubsection.2.7.1}{\376\377\000S\000S\000I\000M\166\204\213\241\173\227}{subsection.2.7}% 21
\BOOKMARK [3][-]{subsubsection.2.7.2}{\376\377\000S\000S\000I\000M\136\224\165\050\116\216\126\376\120\317\215\050\221\317\213\304\117\060}{subsection.2.7}% 22
\BOOKMARK [1][-]{section.3}{\376\377\133\236\232\214\176\323\147\234\116\016\122\006\147\220}{}% 23
\BOOKMARK [2][-]{subsection.3.1}{\376\377\116\373\122\241\116\000\000\040\000\040\126\376\162\107\166\204\221\307\150\067\116\016\143\322\120\074}{section.3}% 24
\BOOKMARK [2][-]{subsection.3.2}{\376\377\116\373\122\241\116\214\000\040\000\040\230\234\202\162\172\172\225\364\166\204\217\154\143\142}{section.3}% 25
\BOOKMARK [3][-]{subsubsection.3.2.1}{\376\377\000H\060\001\000S\060\001\000I\133\371\126\376\162\107\215\050\221\317\166\204\137\161\124\315}{subsection.3.2}% 26
\BOOKMARK [3][-]{subsubsection.3.2.2}{\376\377\000Y\060\001\000U\060\001\000V\133\371\126\376\162\107\215\050\221\317\166\204\137\161\124\315}{subsection.3.2}% 27
\BOOKMARK [3][-]{subsubsection.3.2.3}{\376\377\000Y\000U\000V\221\307\150\067\150\074\137\017\133\371\126\376\162\107\215\050\221\317\166\204\137\161\124\315}{subsection.3.2}% 28
\BOOKMARK [2][-]{subsection.3.3}{\376\377\126\376\162\107\215\050\221\317\213\304\116\367\143\007\150\007}{section.3}% 29
\BOOKMARK [1][-]{section.4}{\376\377\201\364\214\042\116\016\213\364\146\016}{}% 30
